<?xml version="1.0" encoding="UTF-8"?>
<testsuite xmlns:xsi="http://www.w3.org/2001/XMLSchema-instance" xsi:noNamespaceSchemaLocation="https://maven.apache.org/surefire/maven-surefire-plugin/xsd/surefire-test-report.xsd" name="mflix.api.daos.UpdateCreateCommentTest" time="0.008" tests="5" errors="0" skipped="0" failures="3">
  <properties>
[...]
</properties>
  <testcase name="testUserAddCommentWithNoID" classname="mflix.api.daos.UpdateCreateCommentTest" time="0">
    <failure message="Expected exception: mflix.api.daos.IncorrectDaoOperation" type="java.lang.AssertionError">java.lang.AssertionError: Expected exception: mflix.api.daos.IncorrectDaoOperation
</failure>
    <system-out><![CDATA[2019-02-17 18:32:49.755  INFO 3722 --- [           main] .b.t.c.SpringBootTestContextBootstrapper : Neither @ContextConfiguration nor @ContextHierarchy found for test class [mflix.api.daos.UpdateCreateCommentTest], using SpringBootContextLoader
2019-02-17 18:32:49.755  INFO 3722 --- [           main] o.s.t.c.support.AbstractContextLoader    : Could not detect default resource locations for test class [mflix.api.daos.UpdateCreateCommentTest]: no resource found for suffixes {-context.xml, Context.groovy}.
2019-02-17 18:32:49.758  INFO 3722 --- [           main] .b.t.c.SpringBootTestContextBootstrapper : Loaded default TestExecutionListener class names from location [META-INF/spring.factories]: [org.springframework.boot.test.mock.mockito.MockitoTestExecutionListener, org.springframework.boot.test.mock.mockito.ResetMocksTestExecutionListener, org.springframework.boot.test.autoconfigure.restdocs.RestDocsTestExecutionListener, org.springframework.boot.test.autoconfigure.web.client.MockRestServiceServerResetTestExecutionListener, org.springframework.boot.test.autoconfigure.web.servlet.MockMvcPrintOnlyOnFailureTestExecutionListener, org.springframework.boot.test.autoconfigure.web.servlet.WebDriverTestExecutionListener, org.springframework.test.context.web.ServletTestExecutionListener, org.springframework.test.context.support.DirtiesContextBeforeModesTestExecutionListener, org.springframework.test.context.support.DependencyInjectionTestExecutionListener, org.springframework.test.context.support.DirtiesContextTestExecutionListener, org.springframework.test.context.transaction.TransactionalTestExecutionListener, org.springframework.test.context.jdbc.SqlScriptsTestExecutionListener]
2019-02-17 18:32:49.759  INFO 3722 --- [           main] .b.t.c.SpringBootTestContextBootstrapper : Using TestExecutionListeners: [org.springframework.test.context.web.ServletTestExecutionListener@5cc1bf20, org.springframework.test.context.support.DirtiesContextBeforeModesTestExecutionListener@2e3f324e, org.springframework.boot.test.mock.mockito.MockitoTestExecutionListener@46cf8c07, org.springframework.boot.test.autoconfigure.SpringBootDependencyInjectionTestExecutionListener@b56ec6c, org.springframework.test.context.support.DirtiesContextTestExecutionListener@5abf6a99, org.springframework.boot.test.mock.mockito.ResetMocksTestExecutionListener@dc59ec2, org.springframework.boot.test.autoconfigure.restdocs.RestDocsTestExecutionListener@375084c9, org.springframework.boot.test.autoconfigure.web.client.MockRestServiceServerResetTestExecutionListener@bd93bc3, org.springframework.boot.test.autoconfigure.web.servlet.MockMvcPrintOnlyOnFailureTestExecutionListener@2a136383, org.springframework.boot.test.autoconfigure.web.servlet.WebDriverTestExecutionListener@b01cb8d]
]]></system-out>
  </testcase>
  <testcase name="testAddCommentUsingObjectId" classname="mflix.api.daos.UpdateCreateCommentTest" time="0"/>
  <testcase name="testUserUpdatesOwnComments" classname="mflix.api.daos.UpdateCreateCommentTest" time="0">
    <failure message="Should be able to update his own comments. Check updateComment implementation" type="java.lang.AssertionError">java.lang.AssertionError: Should be able to update his own comments. Check updateComment implementation
	at mflix.api.daos.UpdateCreateCommentTest.testUserUpdatesOwnComments(UpdateCreateCommentTest.java:87)
</failure>
  </testcase>
  <testcase name="testUserFailsUpdateOthersComments" classname="mflix.api.daos.UpdateCreateCommentTest" time="0"/>
  <testcase name="testAddCommentWithId" classname="mflix.api.daos.UpdateCreateCommentTest" time="0">
    <failure message="Comment should have been correctly added. Check your addComments method" type="java.lang.AssertionError">java.lang.AssertionError: Comment should have been correctly added. Check your addComments method
	at mflix.api.daos.UpdateCreateCommentTest.testAddCommentWithId(UpdateCreateCommentTest.java:127)
</failure>
  </testcase>
</testsuite>