<?xml version="1.0" encoding="UTF-8"?>
<testsuite xmlns:xsi="http://www.w3.org/2001/XMLSchema-instance" xsi:noNamespaceSchemaLocation="https://maven.apache.org/surefire/maven-surefire-plugin/xsd/surefire-test-report.xsd" name="mflix.api.daos.TimeoutsTest" time="1.143" tests="2" errors="2" skipped="0" failures="0">
  <properties>
[...]
</properties>
  <testcase name="testConfiguredConnectionTimeoutMs" classname="mflix.api.daos.TimeoutsTest" time="0.155">
    <error type="java.lang.NullPointerException">java.lang.NullPointerException
	at mflix.api.daos.TimeoutsTest.testConfiguredConnectionTimeoutMs(TimeoutsTest.java:57)
</error>
    <system-out><![CDATA[2019-02-17 18:32:03.326  INFO 3722 --- [           main] .b.t.c.SpringBootTestContextBootstrapper : Neither @ContextConfiguration nor @ContextHierarchy found for test class [mflix.api.daos.TimeoutsTest], using SpringBootContextLoader
2019-02-17 18:32:03.327  INFO 3722 --- [           main] o.s.t.c.support.AbstractContextLoader    : Could not detect default resource locations for test class [mflix.api.daos.TimeoutsTest]: no resource found for suffixes {-context.xml, Context.groovy}.
2019-02-17 18:32:03.337  INFO 3722 --- [           main] .b.t.c.SpringBootTestContextBootstrapper : Loaded default TestExecutionListener class names from location [META-INF/spring.factories]: [org.springframework.boot.test.mock.mockito.MockitoTestExecutionListener, org.springframework.boot.test.mock.mockito.ResetMocksTestExecutionListener, org.springframework.boot.test.autoconfigure.restdocs.RestDocsTestExecutionListener, org.springframework.boot.test.autoconfigure.web.client.MockRestServiceServerResetTestExecutionListener, org.springframework.boot.test.autoconfigure.web.servlet.MockMvcPrintOnlyOnFailureTestExecutionListener, org.springframework.boot.test.autoconfigure.web.servlet.WebDriverTestExecutionListener, org.springframework.test.context.web.ServletTestExecutionListener, org.springframework.test.context.support.DirtiesContextBeforeModesTestExecutionListener, org.springframework.test.context.support.DependencyInjectionTestExecutionListener, org.springframework.test.context.support.DirtiesContextTestExecutionListener, org.springframework.test.context.transaction.TransactionalTestExecutionListener, org.springframework.test.context.jdbc.SqlScriptsTestExecutionListener]
2019-02-17 18:32:03.342  INFO 3722 --- [           main] .b.t.c.SpringBootTestContextBootstrapper : Using TestExecutionListeners: [org.springframework.test.context.web.ServletTestExecutionListener@50ec4bfc, org.springframework.test.context.support.DirtiesContextBeforeModesTestExecutionListener@8b13d91, org.springframework.boot.test.mock.mockito.MockitoTestExecutionListener@285a4fe3, org.springframework.boot.test.autoconfigure.SpringBootDependencyInjectionTestExecutionListener@2589d787, org.springframework.test.context.support.DirtiesContextTestExecutionListener@1788cb61, org.springframework.boot.test.mock.mockito.ResetMocksTestExecutionListener@16d431b4, org.springframework.boot.test.autoconfigure.restdocs.RestDocsTestExecutionListener@6c0b51da, org.springframework.boot.test.autoconfigure.web.client.MockRestServiceServerResetTestExecutionListener@7558633, org.springframework.boot.test.autoconfigure.web.servlet.MockMvcPrintOnlyOnFailureTestExecutionListener@5657967b, org.springframework.boot.test.autoconfigure.web.servlet.WebDriverTestExecutionListener@61394494]

  .   ____          _            __ _ _
 /\\ / ___'_ __ _ _(_)_ __  __ _ \ \ \ \
( ( )\___ | '_ | '_| | '_ \/ _` | \ \ \ \
 \\/  ___)| |_)| | | | | || (_| |  ) ) ) )
  '  |____| .__|_| |_|_| |_\__, | / / / /
 =========|_|==============|___/=/_/_/_/
 :: Spring Boot ::        (v2.0.4.RELEASE)

2019-02-17 18:32:03.375  INFO 3722 --- [           main] mflix.api.daos.TimeoutsTest              : Starting TimeoutsTest on Aces-MacBook-Pro.local with PID 3722 (started by UFR463 in /Users/MongoDB/mflix-java/mflix)
2019-02-17 18:32:03.377  INFO 3722 --- [           main] mflix.api.daos.TimeoutsTest              : No active profile set, falling back to default profiles: default
2019-02-17 18:32:03.382  INFO 3722 --- [           main] o.s.w.c.s.GenericWebApplicationContext   : Refreshing org.springframework.web.context.support.GenericWebApplicationContext@216372b7: startup date [Sun Feb 17 18:32:03 EST 2019]; root of context hierarchy
2019-02-17 18:32:03.710  INFO 3722 --- [           main] org.mongodb.driver.cluster               : Cluster created with settings {hosts=[mflix-shard-00-02-qf16j.mongodb.net:27017, mflix-shard-00-00-qf16j.mongodb.net:27017, mflix-shard-00-01-qf16j.mongodb.net:27017], mode=MULTIPLE, requiredClusterType=REPLICA_SET, serverSelectionTimeout='30000 ms', maxWaitQueueSize=500, requiredReplicaSetName='mflix-shard-0'}
2019-02-17 18:32:03.710  INFO 3722 --- [           main] org.mongodb.driver.cluster               : Adding discovered server mflix-shard-00-02-qf16j.mongodb.net:27017 to client view of cluster
2019-02-17 18:32:03.711  INFO 3722 --- [           main] org.mongodb.driver.cluster               : Adding discovered server mflix-shard-00-00-qf16j.mongodb.net:27017 to client view of cluster
2019-02-17 18:32:03.713  INFO 3722 --- [           main] org.mongodb.driver.cluster               : Adding discovered server mflix-shard-00-01-qf16j.mongodb.net:27017 to client view of cluster
2019-02-17 18:32:03.840  INFO 3722 --- [           main] o.s.w.s.handler.SimpleUrlHandlerMapping  : Mapped URL path [/**/favicon.ico] onto handler of type [class org.springframework.web.servlet.resource.ResourceHttpRequestHandler]
2019-02-17 18:32:03.911  INFO 3722 --- [           main] s.w.s.m.m.a.RequestMappingHandlerAdapter : Looking for @ControllerAdvice: org.springframework.web.context.support.GenericWebApplicationContext@216372b7: startup date [Sun Feb 17 18:32:03 EST 2019]; root of context hierarchy
2019-02-17 18:32:03.930  INFO 3722 --- [           main] s.w.s.m.m.a.RequestMappingHandlerMapping : Mapped "{[/error]}" onto public org.springframework.http.ResponseEntity<java.util.Map<java.lang.String, java.lang.Object>> org.springframework.boot.autoconfigure.web.servlet.error.BasicErrorController.error(javax.servlet.http.HttpServletRequest)
2019-02-17 18:32:03.931  INFO 3722 --- [           main] s.w.s.m.m.a.RequestMappingHandlerMapping : Mapped "{[/error],produces=[text/html]}" onto public org.springframework.web.servlet.ModelAndView org.springframework.boot.autoconfigure.web.servlet.error.BasicErrorController.errorHtml(javax.servlet.http.HttpServletRequest,javax.servlet.http.HttpServletResponse)
2019-02-17 18:32:03.951  INFO 3722 --- [           main] o.s.w.s.handler.SimpleUrlHandlerMapping  : Mapped URL path [/webjars/**] onto handler of type [class org.springframework.web.servlet.resource.ResourceHttpRequestHandler]
2019-02-17 18:32:03.951  INFO 3722 --- [           main] o.s.w.s.handler.SimpleUrlHandlerMapping  : Mapped URL path [/**] onto handler of type [class org.springframework.web.servlet.resource.ResourceHttpRequestHandler]
2019-02-17 18:32:03.962  INFO 3722 --- [ngodb.net:27017] org.mongodb.driver.connection            : Opened connection [connectionId{localValue:6, serverValue:33638}] to mflix-shard-00-00-qf16j.mongodb.net:27017
2019-02-17 18:32:03.962  INFO 3722 --- [ngodb.net:27017] org.mongodb.driver.connection            : Opened connection [connectionId{localValue:7, serverValue:27823}] to mflix-shard-00-01-qf16j.mongodb.net:27017
2019-02-17 18:32:03.978  INFO 3722 --- [ngodb.net:27017] org.mongodb.driver.connection            : Opened connection [connectionId{localValue:5, serverValue:28955}] to mflix-shard-00-02-qf16j.mongodb.net:27017
2019-02-17 18:32:03.989  INFO 3722 --- [           main] o.s.b.a.w.s.WelcomePageHandlerMapping    : Adding welcome page: class path resource [build/index.html]
2019-02-17 18:32:03.995  INFO 3722 --- [ngodb.net:27017] org.mongodb.driver.cluster               : Monitor thread successfully connected to server with description ServerDescription{address=mflix-shard-00-01-qf16j.mongodb.net:27017, type=REPLICA_SET_SECONDARY, state=CONNECTED, ok=true, version=ServerVersion{versionList=[4, 0, 6]}, minWireVersion=0, maxWireVersion=7, maxDocumentSize=16777216, logicalSessionTimeoutMinutes=30, roundTripTimeNanos=32850106, setName='mflix-shard-0', canonicalAddress=mflix-shard-00-01-qf16j.mongodb.net:27017, hosts=[mflix-shard-00-00-qf16j.mongodb.net:27017, mflix-shard-00-01-qf16j.mongodb.net:27017, mflix-shard-00-02-qf16j.mongodb.net:27017], passives=[], arbiters=[], primary='mflix-shard-00-00-qf16j.mongodb.net:27017', tagSet=TagSet{[Tag{name='region', value='US_EAST_1'}, Tag{name='provider', value='AWS'}, Tag{name='nodeType', value='ELECTABLE'}]}, electionId=null, setVersion=1, lastWriteDate=Sun Feb 17 18:32:03 EST 2019, lastUpdateTimeNanos=4003044421588}
2019-02-17 18:32:03.995  INFO 3722 --- [ngodb.net:27017] org.mongodb.driver.cluster               : Monitor thread successfully connected to server with description ServerDescription{address=mflix-shard-00-00-qf16j.mongodb.net:27017, type=REPLICA_SET_PRIMARY, state=CONNECTED, ok=true, version=ServerVersion{versionList=[4, 0, 6]}, minWireVersion=0, maxWireVersion=7, maxDocumentSize=16777216, logicalSessionTimeoutMinutes=30, roundTripTimeNanos=32966014, setName='mflix-shard-0', canonicalAddress=mflix-shard-00-00-qf16j.mongodb.net:27017, hosts=[mflix-shard-00-00-qf16j.mongodb.net:27017, mflix-shard-00-01-qf16j.mongodb.net:27017, mflix-shard-00-02-qf16j.mongodb.net:27017], passives=[], arbiters=[], primary='mflix-shard-00-00-qf16j.mongodb.net:27017', tagSet=TagSet{[Tag{name='region', value='US_EAST_1'}, Tag{name='provider', value='AWS'}, Tag{name='nodeType', value='ELECTABLE'}]}, electionId=7fffffff0000000000000001, setVersion=1, lastWriteDate=Sun Feb 17 18:32:03 EST 2019, lastUpdateTimeNanos=4003044430899}
2019-02-17 18:32:04.006  INFO 3722 --- [ngodb.net:27017] org.mongodb.driver.cluster               : Setting max election id to 7fffffff0000000000000001 from replica set primary mflix-shard-00-00-qf16j.mongodb.net:27017
2019-02-17 18:32:04.007  INFO 3722 --- [ngodb.net:27017] org.mongodb.driver.cluster               : Setting max set version to 1 from replica set primary mflix-shard-00-00-qf16j.mongodb.net:27017
2019-02-17 18:32:04.007  INFO 3722 --- [ngodb.net:27017] org.mongodb.driver.cluster               : Discovered replica set primary mflix-shard-00-00-qf16j.mongodb.net:27017
2019-02-17 18:32:04.013  INFO 3722 --- [ngodb.net:27017] org.mongodb.driver.cluster               : Monitor thread successfully connected to server with description ServerDescription{address=mflix-shard-00-02-qf16j.mongodb.net:27017, type=REPLICA_SET_SECONDARY, state=CONNECTED, ok=true, version=ServerVersion{versionList=[4, 0, 6]}, minWireVersion=0, maxWireVersion=7, maxDocumentSize=16777216, logicalSessionTimeoutMinutes=30, roundTripTimeNanos=34393758, setName='mflix-shard-0', canonicalAddress=mflix-shard-00-02-qf16j.mongodb.net:27017, hosts=[mflix-shard-00-00-qf16j.mongodb.net:27017, mflix-shard-00-01-qf16j.mongodb.net:27017, mflix-shard-00-02-qf16j.mongodb.net:27017], passives=[], arbiters=[], primary='mflix-shard-00-00-qf16j.mongodb.net:27017', tagSet=TagSet{[Tag{name='nodeType', value='ELECTABLE'}, Tag{name='region', value='US_EAST_1'}, Tag{name='provider', value='AWS'}]}, electionId=null, setVersion=1, lastWriteDate=Sun Feb 17 18:32:03 EST 2019, lastUpdateTimeNanos=4003062452758}
2019-02-17 18:32:04.122  INFO 3722 --- [           main] .s.s.UserDetailsServiceAutoConfiguration : 

Using generated security password: 2d3e828e-330e-4b9a-8eae-4afb2e4250aa

2019-02-17 18:32:04.186  INFO 3722 --- [           main] o.s.s.web.DefaultSecurityFilterChain     : Creating filter chain: org.springframework.security.web.util.matcher.AnyRequestMatcher@1, [org.springframework.security.web.context.request.async.WebAsyncManagerIntegrationFilter@6bce4140, org.springframework.security.web.context.SecurityContextPersistenceFilter@130a6eb9, org.springframework.security.web.header.HeaderWriterFilter@5b742bc8, org.springframework.security.web.csrf.CsrfFilter@22f8adc2, org.springframework.security.web.authentication.logout.LogoutFilter@66451058, org.springframework.security.web.authentication.UsernamePasswordAuthenticationFilter@2baac4a7, org.springframework.security.web.authentication.ui.DefaultLoginPageGeneratingFilter@26fadd98, org.springframework.security.web.authentication.www.BasicAuthenticationFilter@23ad2d17, org.springframework.security.web.savedrequest.RequestCacheAwareFilter@722531ab, org.springframework.security.web.servletapi.SecurityContextHolderAwareRequestFilter@8f57e4c, org.springframework.security.web.authentication.AnonymousAuthenticationFilter@25f0c5e7, org.springframework.security.web.session.SessionManagementFilter@74fb5b59, org.springframework.security.web.access.ExceptionTranslationFilter@69d103f0, org.springframework.security.web.access.intercept.FilterSecurityInterceptor@207dd1b7]
2019-02-17 18:32:04.230  INFO 3722 --- [           main] mflix.api.daos.TimeoutsTest              : Started TimeoutsTest in 0.881 seconds (JVM running for 7.176)
2019-02-17 18:32:04.317  INFO 3722 --- [           main] org.mongodb.driver.cluster               : Cluster created with settings {hosts=[mflix-shard-00-00-qf16j.mongodb.net:27017, mflix-shard-00-01-qf16j.mongodb.net:27017, mflix-shard-00-02-qf16j.mongodb.net:27017], mode=MULTIPLE, requiredClusterType=REPLICA_SET, serverSelectionTimeout='30000 ms', maxWaitQueueSize=500, requiredReplicaSetName='mflix-shard-0'}
2019-02-17 18:32:04.317  INFO 3722 --- [           main] org.mongodb.driver.cluster               : Adding discovered server mflix-shard-00-00-qf16j.mongodb.net:27017 to client view of cluster
2019-02-17 18:32:04.319  INFO 3722 --- [           main] org.mongodb.driver.cluster               : Adding discovered server mflix-shard-00-01-qf16j.mongodb.net:27017 to client view of cluster
2019-02-17 18:32:04.320  INFO 3722 --- [           main] org.mongodb.driver.cluster               : Adding discovered server mflix-shard-00-02-qf16j.mongodb.net:27017 to client view of cluster
]]></system-out>
  </testcase>
  <testcase name="testConfiguredWtimeout" classname="mflix.api.daos.TimeoutsTest" time="0.081">
    <error type="java.lang.NullPointerException">java.lang.NullPointerException
	at mflix.api.daos.TimeoutsTest.testConfiguredWtimeout(TimeoutsTest.java:48)
</error>
    <system-out><![CDATA[2019-02-17 18:32:04.463  INFO 3722 --- [           main] org.mongodb.driver.cluster               : Cluster created with settings {hosts=[mflix-shard-00-00-qf16j.mongodb.net:27017, mflix-shard-00-01-qf16j.mongodb.net:27017, mflix-shard-00-02-qf16j.mongodb.net:27017], mode=MULTIPLE, requiredClusterType=REPLICA_SET, serverSelectionTimeout='30000 ms', maxWaitQueueSize=500, requiredReplicaSetName='mflix-shard-0'}
2019-02-17 18:32:04.463  INFO 3722 --- [           main] org.mongodb.driver.cluster               : Adding discovered server mflix-shard-00-00-qf16j.mongodb.net:27017 to client view of cluster
2019-02-17 18:32:04.466  INFO 3722 --- [           main] org.mongodb.driver.cluster               : Adding discovered server mflix-shard-00-01-qf16j.mongodb.net:27017 to client view of cluster
2019-02-17 18:32:04.468  INFO 3722 --- [           main] org.mongodb.driver.cluster               : Adding discovered server mflix-shard-00-02-qf16j.mongodb.net:27017 to client view of cluster
]]></system-out>
  </testcase>
</testsuite>