<?xml version="1.0" encoding="UTF-8"?>
<testsuite xmlns:xsi="http://www.w3.org/2001/XMLSchema-instance" xsi:noNamespaceSchemaLocation="https://maven.apache.org/surefire/maven-surefire-plugin/xsd/surefire-test-report.xsd" name="mflix.api.daos.MigrationTest" time="0.039" tests="2" errors="0" skipped="0" failures="2">
  <properties>
[...]
</properties>
  <testcase name="testAllDocumentsIMDBRatingNumber" classname="mflix.api.daos.MigrationTest" time="0.02">
    <failure message="Should not find documents where `imdb.rating` is of not of `number` type expected:&lt;0&gt; but was:&lt;1714&gt;" type="java.lang.AssertionError"><![CDATA[java.lang.AssertionError: Should not find documents where `imdb.rating` is of not of `number` type expected:<0> but was:<1714>
	at mflix.api.daos.MigrationTest.testAllDocumentsIMDBRatingNumber(MigrationTest.java:42)
]]></failure>
    <system-out><![CDATA[2019-02-17 18:32:47.572  INFO 3722 --- [           main] org.mongodb.driver.cluster               : Cluster created with settings {hosts=[mflix-shard-00-02-qf16j.mongodb.net:27017, mflix-shard-00-00-qf16j.mongodb.net:27017, mflix-shard-00-01-qf16j.mongodb.net:27017], mode=MULTIPLE, requiredClusterType=REPLICA_SET, serverSelectionTimeout='30000 ms', maxWaitQueueSize=500, requiredReplicaSetName='mflix-shard-0'}
2019-02-17 18:32:47.572  INFO 3722 --- [           main] org.mongodb.driver.cluster               : Adding discovered server mflix-shard-00-02-qf16j.mongodb.net:27017 to client view of cluster
2019-02-17 18:32:47.573  INFO 3722 --- [           main] org.mongodb.driver.cluster               : Adding discovered server mflix-shard-00-00-qf16j.mongodb.net:27017 to client view of cluster
2019-02-17 18:32:47.573  INFO 3722 --- [           main] org.mongodb.driver.cluster               : Adding discovered server mflix-shard-00-01-qf16j.mongodb.net:27017 to client view of cluster
2019-02-17 18:32:47.575  INFO 3722 --- [           main] org.mongodb.driver.cluster               : No server chosen by com.mongodb.client.internal.MongoClientDelegate$1@57e03347 from cluster description ClusterDescription{type=REPLICA_SET, connectionMode=MULTIPLE, serverDescriptions=[ServerDescription{address=mflix-shard-00-00-qf16j.mongodb.net:27017, type=UNKNOWN, state=CONNECTING}, ServerDescription{address=mflix-shard-00-02-qf16j.mongodb.net:27017, type=UNKNOWN, state=CONNECTING}, ServerDescription{address=mflix-shard-00-01-qf16j.mongodb.net:27017, type=UNKNOWN, state=CONNECTING}]}. Waiting for 30000 ms before timing out
2019-02-17 18:32:47.805  INFO 3722 --- [ngodb.net:27017] org.mongodb.driver.connection            : Opened connection [connectionId{localValue:24, serverValue:28981}] to mflix-shard-00-01-qf16j.mongodb.net:27017
2019-02-17 18:32:47.805  INFO 3722 --- [ngodb.net:27017] org.mongodb.driver.connection            : Opened connection [connectionId{localValue:22, serverValue:28953}] to mflix-shard-00-02-qf16j.mongodb.net:27017
2019-02-17 18:32:47.808  INFO 3722 --- [ngodb.net:27017] org.mongodb.driver.connection            : Opened connection [connectionId{localValue:23, serverValue:34429}] to mflix-shard-00-00-qf16j.mongodb.net:27017
2019-02-17 18:32:47.841  INFO 3722 --- [ngodb.net:27017] org.mongodb.driver.cluster               : Monitor thread successfully connected to server with description ServerDescription{address=mflix-shard-00-01-qf16j.mongodb.net:27017, type=REPLICA_SET_SECONDARY, state=CONNECTED, ok=true, version=ServerVersion{versionList=[4, 0, 6]}, minWireVersion=0, maxWireVersion=7, maxDocumentSize=16777216, logicalSessionTimeoutMinutes=30, roundTripTimeNanos=35370904, setName='mflix-shard-0', canonicalAddress=mflix-shard-00-01-qf16j.mongodb.net:27017, hosts=[mflix-shard-00-00-qf16j.mongodb.net:27017, mflix-shard-00-01-qf16j.mongodb.net:27017, mflix-shard-00-02-qf16j.mongodb.net:27017], passives=[], arbiters=[], primary='mflix-shard-00-00-qf16j.mongodb.net:27017', tagSet=TagSet{[Tag{name='region', value='US_EAST_1'}, Tag{name='provider', value='AWS'}, Tag{name='nodeType', value='ELECTABLE'}]}, electionId=null, setVersion=1, lastWriteDate=Sun Feb 17 18:32:47 EST 2019, lastUpdateTimeNanos=4046889467523}
2019-02-17 18:32:47.841  INFO 3722 --- [ngodb.net:27017] org.mongodb.driver.cluster               : Monitor thread successfully connected to server with description ServerDescription{address=mflix-shard-00-02-qf16j.mongodb.net:27017, type=REPLICA_SET_SECONDARY, state=CONNECTED, ok=true, version=ServerVersion{versionList=[4, 0, 6]}, minWireVersion=0, maxWireVersion=7, maxDocumentSize=16777216, logicalSessionTimeoutMinutes=30, roundTripTimeNanos=35588454, setName='mflix-shard-0', canonicalAddress=mflix-shard-00-02-qf16j.mongodb.net:27017, hosts=[mflix-shard-00-00-qf16j.mongodb.net:27017, mflix-shard-00-01-qf16j.mongodb.net:27017, mflix-shard-00-02-qf16j.mongodb.net:27017], passives=[], arbiters=[], primary='mflix-shard-00-00-qf16j.mongodb.net:27017', tagSet=TagSet{[Tag{name='nodeType', value='ELECTABLE'}, Tag{name='region', value='US_EAST_1'}, Tag{name='provider', value='AWS'}]}, electionId=null, setVersion=1, lastWriteDate=Sun Feb 17 18:32:47 EST 2019, lastUpdateTimeNanos=4046889709662}
2019-02-17 18:32:47.841  INFO 3722 --- [ngodb.net:27017] org.mongodb.driver.cluster               : Monitor thread successfully connected to server with description ServerDescription{address=mflix-shard-00-00-qf16j.mongodb.net:27017, type=REPLICA_SET_PRIMARY, state=CONNECTED, ok=true, version=ServerVersion{versionList=[4, 0, 6]}, minWireVersion=0, maxWireVersion=7, maxDocumentSize=16777216, logicalSessionTimeoutMinutes=30, roundTripTimeNanos=32512844, setName='mflix-shard-0', canonicalAddress=mflix-shard-00-00-qf16j.mongodb.net:27017, hosts=[mflix-shard-00-00-qf16j.mongodb.net:27017, mflix-shard-00-01-qf16j.mongodb.net:27017, mflix-shard-00-02-qf16j.mongodb.net:27017], passives=[], arbiters=[], primary='mflix-shard-00-00-qf16j.mongodb.net:27017', tagSet=TagSet{[Tag{name='region', value='US_EAST_1'}, Tag{name='provider', value='AWS'}, Tag{name='nodeType', value='ELECTABLE'}]}, electionId=7fffffff0000000000000001, setVersion=1, lastWriteDate=Sun Feb 17 18:32:47 EST 2019, lastUpdateTimeNanos=4046889683557}
2019-02-17 18:32:47.841  INFO 3722 --- [ngodb.net:27017] org.mongodb.driver.cluster               : Setting max election id to 7fffffff0000000000000001 from replica set primary mflix-shard-00-00-qf16j.mongodb.net:27017
2019-02-17 18:32:47.841  INFO 3722 --- [ngodb.net:27017] org.mongodb.driver.cluster               : Setting max set version to 1 from replica set primary mflix-shard-00-00-qf16j.mongodb.net:27017
2019-02-17 18:32:47.841  INFO 3722 --- [ngodb.net:27017] org.mongodb.driver.cluster               : Discovered replica set primary mflix-shard-00-00-qf16j.mongodb.net:27017
2019-02-17 18:32:47.841  INFO 3722 --- [           main] org.mongodb.driver.cluster               : No server chosen by ReadPreferenceServerSelector{readPreference=primary} from cluster description ClusterDescription{type=REPLICA_SET, connectionMode=MULTIPLE, serverDescriptions=[ServerDescription{address=mflix-shard-00-00-qf16j.mongodb.net:27017, type=UNKNOWN, state=CONNECTING}, ServerDescription{address=mflix-shard-00-02-qf16j.mongodb.net:27017, type=UNKNOWN, state=CONNECTING}, ServerDescription{address=mflix-shard-00-01-qf16j.mongodb.net:27017, type=REPLICA_SET_SECONDARY, state=CONNECTED, ok=true, version=ServerVersion{versionList=[4, 0, 6]}, minWireVersion=0, maxWireVersion=7, maxDocumentSize=16777216, logicalSessionTimeoutMinutes=30, roundTripTimeNanos=35370904, setName='mflix-shard-0', canonicalAddress=mflix-shard-00-01-qf16j.mongodb.net:27017, hosts=[mflix-shard-00-00-qf16j.mongodb.net:27017, mflix-shard-00-01-qf16j.mongodb.net:27017, mflix-shard-00-02-qf16j.mongodb.net:27017], passives=[], arbiters=[], primary='mflix-shard-00-00-qf16j.mongodb.net:27017', tagSet=TagSet{[Tag{name='region', value='US_EAST_1'}, Tag{name='provider', value='AWS'}, Tag{name='nodeType', value='ELECTABLE'}]}, electionId=null, setVersion=1, lastWriteDate=Sun Feb 17 18:32:47 EST 2019, lastUpdateTimeNanos=4046889467523}]}. Waiting for 30000 ms before timing out
2019-02-17 18:32:48.204  INFO 3722 --- [           main] org.mongodb.driver.connection            : Opened connection [connectionId{localValue:25, serverValue:33529}] to mflix-shard-00-00-qf16j.mongodb.net:27017
]]></system-out>
  </testcase>
  <testcase name="testAllDocumentsUpdateDateIsDateType" classname="mflix.api.daos.MigrationTest" time="0.019">
    <failure message="Should not find documents where `lastupdated` is of `string` type expected:&lt;0&gt; but was:&lt;45993&gt;" type="java.lang.AssertionError"><![CDATA[java.lang.AssertionError: Should not find documents where `lastupdated` is of `string` type expected:<0> but was:<45993>
	at mflix.api.daos.MigrationTest.testAllDocumentsUpdateDateIsDateType(MigrationTest.java:31)
]]></failure>
    <system-out><![CDATA[2019-02-17 18:32:48.344  INFO 3722 --- [           main] org.mongodb.driver.cluster               : Cluster created with settings {hosts=[mflix-shard-00-01-qf16j.mongodb.net:27017, mflix-shard-00-02-qf16j.mongodb.net:27017, mflix-shard-00-00-qf16j.mongodb.net:27017], mode=MULTIPLE, requiredClusterType=REPLICA_SET, serverSelectionTimeout='30000 ms', maxWaitQueueSize=500, requiredReplicaSetName='mflix-shard-0'}
2019-02-17 18:32:48.345  INFO 3722 --- [           main] org.mongodb.driver.cluster               : Adding discovered server mflix-shard-00-01-qf16j.mongodb.net:27017 to client view of cluster
2019-02-17 18:32:48.346  INFO 3722 --- [           main] org.mongodb.driver.cluster               : Adding discovered server mflix-shard-00-02-qf16j.mongodb.net:27017 to client view of cluster
2019-02-17 18:32:48.347  INFO 3722 --- [           main] org.mongodb.driver.cluster               : Adding discovered server mflix-shard-00-00-qf16j.mongodb.net:27017 to client view of cluster
2019-02-17 18:32:48.348  INFO 3722 --- [           main] org.mongodb.driver.cluster               : No server chosen by com.mongodb.client.internal.MongoClientDelegate$1@759a678a from cluster description ClusterDescription{type=REPLICA_SET, connectionMode=MULTIPLE, serverDescriptions=[ServerDescription{address=mflix-shard-00-00-qf16j.mongodb.net:27017, type=UNKNOWN, state=CONNECTING}, ServerDescription{address=mflix-shard-00-02-qf16j.mongodb.net:27017, type=UNKNOWN, state=CONNECTING}, ServerDescription{address=mflix-shard-00-01-qf16j.mongodb.net:27017, type=UNKNOWN, state=CONNECTING}]}. Waiting for 30000 ms before timing out
2019-02-17 18:32:48.562  INFO 3722 --- [ngodb.net:27017] org.mongodb.driver.connection            : Opened connection [connectionId{localValue:28, serverValue:33529}] to mflix-shard-00-00-qf16j.mongodb.net:27017
2019-02-17 18:32:48.562  INFO 3722 --- [ngodb.net:27017] org.mongodb.driver.connection            : Opened connection [connectionId{localValue:26, serverValue:28981}] to mflix-shard-00-01-qf16j.mongodb.net:27017
2019-02-17 18:32:48.568  INFO 3722 --- [ngodb.net:27017] org.mongodb.driver.connection            : Opened connection [connectionId{localValue:27, serverValue:28953}] to mflix-shard-00-02-qf16j.mongodb.net:27017
2019-02-17 18:32:48.596  INFO 3722 --- [ngodb.net:27017] org.mongodb.driver.cluster               : Monitor thread successfully connected to server with description ServerDescription{address=mflix-shard-00-00-qf16j.mongodb.net:27017, type=REPLICA_SET_PRIMARY, state=CONNECTED, ok=true, version=ServerVersion{versionList=[4, 0, 6]}, minWireVersion=0, maxWireVersion=7, maxDocumentSize=16777216, logicalSessionTimeoutMinutes=30, roundTripTimeNanos=33266748, setName='mflix-shard-0', canonicalAddress=mflix-shard-00-00-qf16j.mongodb.net:27017, hosts=[mflix-shard-00-00-qf16j.mongodb.net:27017, mflix-shard-00-01-qf16j.mongodb.net:27017, mflix-shard-00-02-qf16j.mongodb.net:27017], passives=[], arbiters=[], primary='mflix-shard-00-00-qf16j.mongodb.net:27017', tagSet=TagSet{[Tag{name='region', value='US_EAST_1'}, Tag{name='provider', value='AWS'}, Tag{name='nodeType', value='ELECTABLE'}]}, electionId=7fffffff0000000000000001, setVersion=1, lastWriteDate=Sun Feb 17 18:32:48 EST 2019, lastUpdateTimeNanos=4047644571689}
2019-02-17 18:32:48.596  INFO 3722 --- [ngodb.net:27017] org.mongodb.driver.cluster               : Monitor thread successfully connected to server with description ServerDescription{address=mflix-shard-00-01-qf16j.mongodb.net:27017, type=REPLICA_SET_SECONDARY, state=CONNECTED, ok=true, version=ServerVersion{versionList=[4, 0, 6]}, minWireVersion=0, maxWireVersion=7, maxDocumentSize=16777216, logicalSessionTimeoutMinutes=30, roundTripTimeNanos=32901723, setName='mflix-shard-0', canonicalAddress=mflix-shard-00-01-qf16j.mongodb.net:27017, hosts=[mflix-shard-00-00-qf16j.mongodb.net:27017, mflix-shard-00-01-qf16j.mongodb.net:27017, mflix-shard-00-02-qf16j.mongodb.net:27017], passives=[], arbiters=[], primary='mflix-shard-00-00-qf16j.mongodb.net:27017', tagSet=TagSet{[Tag{name='region', value='US_EAST_1'}, Tag{name='provider', value='AWS'}, Tag{name='nodeType', value='ELECTABLE'}]}, electionId=null, setVersion=1, lastWriteDate=Sun Feb 17 18:32:48 EST 2019, lastUpdateTimeNanos=4047644571689}
2019-02-17 18:32:48.596  INFO 3722 --- [ngodb.net:27017] org.mongodb.driver.cluster               : Setting max election id to 7fffffff0000000000000001 from replica set primary mflix-shard-00-00-qf16j.mongodb.net:27017
2019-02-17 18:32:48.596  INFO 3722 --- [ngodb.net:27017] org.mongodb.driver.cluster               : Setting max set version to 1 from replica set primary mflix-shard-00-00-qf16j.mongodb.net:27017
2019-02-17 18:32:48.596  INFO 3722 --- [ngodb.net:27017] org.mongodb.driver.cluster               : Discovered replica set primary mflix-shard-00-00-qf16j.mongodb.net:27017
2019-02-17 18:32:48.596  INFO 3722 --- [           main] org.mongodb.driver.cluster               : No server chosen by ReadPreferenceServerSelector{readPreference=primary} from cluster description ClusterDescription{type=REPLICA_SET, connectionMode=MULTIPLE, serverDescriptions=[ServerDescription{address=mflix-shard-00-00-qf16j.mongodb.net:27017, type=UNKNOWN, state=CONNECTING}, ServerDescription{address=mflix-shard-00-02-qf16j.mongodb.net:27017, type=UNKNOWN, state=CONNECTING}, ServerDescription{address=mflix-shard-00-01-qf16j.mongodb.net:27017, type=REPLICA_SET_SECONDARY, state=CONNECTED, ok=true, version=ServerVersion{versionList=[4, 0, 6]}, minWireVersion=0, maxWireVersion=7, maxDocumentSize=16777216, logicalSessionTimeoutMinutes=30, roundTripTimeNanos=32901723, setName='mflix-shard-0', canonicalAddress=mflix-shard-00-01-qf16j.mongodb.net:27017, hosts=[mflix-shard-00-00-qf16j.mongodb.net:27017, mflix-shard-00-01-qf16j.mongodb.net:27017, mflix-shard-00-02-qf16j.mongodb.net:27017], passives=[], arbiters=[], primary='mflix-shard-00-00-qf16j.mongodb.net:27017', tagSet=TagSet{[Tag{name='region', value='US_EAST_1'}, Tag{name='provider', value='AWS'}, Tag{name='nodeType', value='ELECTABLE'}]}, electionId=null, setVersion=1, lastWriteDate=Sun Feb 17 18:32:48 EST 2019, lastUpdateTimeNanos=4047644571689}]}. Waiting for 30000 ms before timing out
2019-02-17 18:32:48.601  INFO 3722 --- [ngodb.net:27017] org.mongodb.driver.cluster               : Monitor thread successfully connected to server with description ServerDescription{address=mflix-shard-00-02-qf16j.mongodb.net:27017, type=REPLICA_SET_SECONDARY, state=CONNECTED, ok=true, version=ServerVersion{versionList=[4, 0, 6]}, minWireVersion=0, maxWireVersion=7, maxDocumentSize=16777216, logicalSessionTimeoutMinutes=30, roundTripTimeNanos=33028510, setName='mflix-shard-0', canonicalAddress=mflix-shard-00-02-qf16j.mongodb.net:27017, hosts=[mflix-shard-00-00-qf16j.mongodb.net:27017, mflix-shard-00-01-qf16j.mongodb.net:27017, mflix-shard-00-02-qf16j.mongodb.net:27017], passives=[], arbiters=[], primary='mflix-shard-00-00-qf16j.mongodb.net:27017', tagSet=TagSet{[Tag{name='nodeType', value='ELECTABLE'}, Tag{name='region', value='US_EAST_1'}, Tag{name='provider', value='AWS'}]}, electionId=null, setVersion=1, lastWriteDate=Sun Feb 17 18:32:48 EST 2019, lastUpdateTimeNanos=4047649936968}
2019-02-17 18:32:48.936  INFO 3722 --- [           main] org.mongodb.driver.connection            : Opened connection [connectionId{localValue:29, serverValue:33469}] to mflix-shard-00-00-qf16j.mongodb.net:27017
]]></system-out>
  </testcase>
</testsuite>