<?xml version="1.0" encoding="UTF-8"?>
<testsuite xmlns:xsi="http://www.w3.org/2001/XMLSchema-instance" xsi:noNamespaceSchemaLocation="https://maven.apache.org/surefire/maven-surefire-plugin/xsd/surefire-test-report.xsd" name="mflix.api.daos.FacetedSearchTest" time="5.212" tests="3" errors="1" skipped="0" failures="2">
  <properties>
[...]
</properties>
  <testcase name="testRatingRuntimeBuckets" classname="mflix.api.daos.FacetedSearchTest" time="0.725">
    <error type="java.lang.NullPointerException">java.lang.NullPointerException
	at mflix.api.daos.FacetedSearchTest.testRatingRuntimeBuckets(FacetedSearchTest.java:49)
</error>
    <system-out><![CDATA[18:31:57.686 [main] DEBUG org.springframework.test.context.junit4.SpringJUnit4ClassRunner - SpringJUnit4ClassRunner constructor called with [class mflix.api.daos.FacetedSearchTest]
18:31:57.693 [main] DEBUG org.springframework.test.context.BootstrapUtils - Instantiating CacheAwareContextLoaderDelegate from class [org.springframework.test.context.cache.DefaultCacheAwareContextLoaderDelegate]
18:31:57.702 [main] DEBUG org.springframework.test.context.BootstrapUtils - Instantiating BootstrapContext using constructor [public org.springframework.test.context.support.DefaultBootstrapContext(java.lang.Class,org.springframework.test.context.CacheAwareContextLoaderDelegate)]
18:31:57.720 [main] DEBUG org.springframework.test.context.BootstrapUtils - Instantiating TestContextBootstrapper for test class [mflix.api.daos.FacetedSearchTest] from class [org.springframework.boot.test.context.SpringBootTestContextBootstrapper]
18:31:57.746 [main] INFO org.springframework.boot.test.context.SpringBootTestContextBootstrapper - Neither @ContextConfiguration nor @ContextHierarchy found for test class [mflix.api.daos.FacetedSearchTest], using SpringBootContextLoader
18:31:57.749 [main] DEBUG org.springframework.test.context.support.AbstractContextLoader - Did not detect default resource location for test class [mflix.api.daos.FacetedSearchTest]: class path resource [mflix/api/daos/FacetedSearchTest-context.xml] does not exist
18:31:57.752 [main] DEBUG org.springframework.test.context.support.AbstractContextLoader - Did not detect default resource location for test class [mflix.api.daos.FacetedSearchTest]: class path resource [mflix/api/daos/FacetedSearchTestContext.groovy] does not exist
18:31:57.752 [main] INFO org.springframework.test.context.support.AbstractContextLoader - Could not detect default resource locations for test class [mflix.api.daos.FacetedSearchTest]: no resource found for suffixes {-context.xml, Context.groovy}.
18:31:57.825 [main] DEBUG org.springframework.test.context.support.ActiveProfilesUtils - Could not find an 'annotation declaring class' for annotation type [org.springframework.test.context.ActiveProfiles] and class [mflix.api.daos.FacetedSearchTest]
18:31:57.929 [main] DEBUG org.springframework.boot.test.context.SpringBootTestContextBootstrapper - @TestExecutionListeners is not present for class [mflix.api.daos.FacetedSearchTest]: using defaults.
18:31:57.931 [main] INFO org.springframework.boot.test.context.SpringBootTestContextBootstrapper - Loaded default TestExecutionListener class names from location [META-INF/spring.factories]: [org.springframework.boot.test.mock.mockito.MockitoTestExecutionListener, org.springframework.boot.test.mock.mockito.ResetMocksTestExecutionListener, org.springframework.boot.test.autoconfigure.restdocs.RestDocsTestExecutionListener, org.springframework.boot.test.autoconfigure.web.client.MockRestServiceServerResetTestExecutionListener, org.springframework.boot.test.autoconfigure.web.servlet.MockMvcPrintOnlyOnFailureTestExecutionListener, org.springframework.boot.test.autoconfigure.web.servlet.WebDriverTestExecutionListener, org.springframework.test.context.web.ServletTestExecutionListener, org.springframework.test.context.support.DirtiesContextBeforeModesTestExecutionListener, org.springframework.test.context.support.DependencyInjectionTestExecutionListener, org.springframework.test.context.support.DirtiesContextTestExecutionListener, org.springframework.test.context.transaction.TransactionalTestExecutionListener, org.springframework.test.context.jdbc.SqlScriptsTestExecutionListener]
18:31:57.947 [main] DEBUG org.springframework.boot.test.context.SpringBootTestContextBootstrapper - Skipping candidate TestExecutionListener [org.springframework.test.context.transaction.TransactionalTestExecutionListener] due to a missing dependency. Specify custom listener classes or make the default listener classes and their required dependencies available. Offending class: [org/springframework/transaction/interceptor/TransactionAttributeSource]
18:31:57.948 [main] DEBUG org.springframework.boot.test.context.SpringBootTestContextBootstrapper - Skipping candidate TestExecutionListener [org.springframework.test.context.jdbc.SqlScriptsTestExecutionListener] due to a missing dependency. Specify custom listener classes or make the default listener classes and their required dependencies available. Offending class: [org/springframework/transaction/interceptor/TransactionAttribute]
18:31:57.948 [main] INFO org.springframework.boot.test.context.SpringBootTestContextBootstrapper - Using TestExecutionListeners: [org.springframework.test.context.web.ServletTestExecutionListener@5117dd67, org.springframework.test.context.support.DirtiesContextBeforeModesTestExecutionListener@5be49b60, org.springframework.boot.test.mock.mockito.MockitoTestExecutionListener@2931522b, org.springframework.boot.test.autoconfigure.SpringBootDependencyInjectionTestExecutionListener@7674b62c, org.springframework.test.context.support.DirtiesContextTestExecutionListener@19e7a160, org.springframework.boot.test.mock.mockito.ResetMocksTestExecutionListener@662706a7, org.springframework.boot.test.autoconfigure.restdocs.RestDocsTestExecutionListener@45a4b042, org.springframework.boot.test.autoconfigure.web.client.MockRestServiceServerResetTestExecutionListener@16b2bb0c, org.springframework.boot.test.autoconfigure.web.servlet.MockMvcPrintOnlyOnFailureTestExecutionListener@327af41b, org.springframework.boot.test.autoconfigure.web.servlet.WebDriverTestExecutionListener@6cb6decd]
18:31:57.950 [main] DEBUG org.springframework.test.annotation.ProfileValueUtils - Retrieved @ProfileValueSourceConfiguration [null] for test class [mflix.api.daos.FacetedSearchTest]
18:31:57.951 [main] DEBUG org.springframework.test.annotation.ProfileValueUtils - Retrieved ProfileValueSource type [class org.springframework.test.annotation.SystemProfileValueSource] for class [mflix.api.daos.FacetedSearchTest]
18:31:57.953 [main] DEBUG org.springframework.test.annotation.ProfileValueUtils - Retrieved @ProfileValueSourceConfiguration [null] for test class [mflix.api.daos.FacetedSearchTest]
18:31:57.954 [main] DEBUG org.springframework.test.annotation.ProfileValueUtils - Retrieved ProfileValueSource type [class org.springframework.test.annotation.SystemProfileValueSource] for class [mflix.api.daos.FacetedSearchTest]
18:31:57.960 [main] DEBUG org.springframework.test.annotation.ProfileValueUtils - Retrieved @ProfileValueSourceConfiguration [null] for test class [mflix.api.daos.FacetedSearchTest]
18:31:57.961 [main] DEBUG org.springframework.test.annotation.ProfileValueUtils - Retrieved ProfileValueSource type [class org.springframework.test.annotation.SystemProfileValueSource] for class [mflix.api.daos.FacetedSearchTest]
18:31:57.970 [main] DEBUG org.springframework.test.context.support.AbstractDirtiesContextTestExecutionListener - Before test class: context [DefaultTestContext@63eef88a testClass = FacetedSearchTest, testInstance = [null], testMethod = [null], testException = [null], mergedContextConfiguration = [WebMergedContextConfiguration@53251a66 testClass = FacetedSearchTest, locations = '{}', classes = '{class mflix.config.MongoDBConfiguration, class mflix.config.MongoDBConfiguration}', contextInitializerClasses = '[]', activeProfiles = '{}', propertySourceLocations = '{}', propertySourceProperties = '{org.springframework.boot.test.context.SpringBootTestContextBootstrapper=true}', contextCustomizers = set[[ImportsContextCustomizer@6853425f key = [@org.springframework.boot.autoconfigure.AutoConfigurationPackage(), @org.springframework.boot.context.properties.EnableConfigurationProperties(value={}), @org.springframework.boot.autoconfigure.EnableAutoConfiguration(exclude={}, excludeName={}), @org.springframework.context.annotation.Import(value={org.springframework.boot.autoconfigure.AutoConfigurationImportSelector.class}), @org.springframework.context.annotation.Import(value={org.springframework.boot.context.properties.EnableConfigurationPropertiesImportSelector.class}), @org.junit.runner.RunWith(value=org.springframework.test.context.junit4.SpringJUnit4ClassRunner.class), @org.springframework.test.context.BootstrapWith(value=org.springframework.boot.test.context.SpringBootTestContextBootstrapper.class), @org.springframework.context.annotation.Import(value={org.springframework.boot.autoconfigure.AutoConfigurationPackages$Registrar.class}), @org.springframework.boot.test.context.SpringBootTest(webEnvironment=MOCK, value={}, properties={}, classes={mflix.config.MongoDBConfiguration.class})]], org.springframework.boot.test.context.filter.ExcludeFilterContextCustomizer@957e06, org.springframework.boot.test.json.DuplicateJsonObjectContextCustomizerFactory$DuplicateJsonObjectContextCustomizer@4dbb42b7, org.springframework.boot.test.mock.mockito.MockitoContextCustomizer@0, org.springframework.boot.test.web.client.TestRestTemplateContextCustomizer@1151e434, org.springframework.boot.test.autoconfigure.properties.PropertyMappingContextCustomizer@0, org.springframework.boot.test.autoconfigure.web.servlet.WebDriverContextCustomizerFactory$Customizer@5e600dd5], resourceBasePath = 'src/main/webapp', contextLoader = 'org.springframework.boot.test.context.SpringBootContextLoader', parent = [null]], attributes = map['org.springframework.test.context.web.ServletTestExecutionListener.activateListener' -> true]], class annotated with @DirtiesContext [false] with mode [null].
18:31:57.983 [main] DEBUG org.springframework.test.annotation.ProfileValueUtils - Retrieved @ProfileValueSourceConfiguration [null] for test class [mflix.api.daos.FacetedSearchTest]
18:31:57.985 [main] DEBUG org.springframework.test.annotation.ProfileValueUtils - Retrieved ProfileValueSource type [class org.springframework.test.annotation.SystemProfileValueSource] for class [mflix.api.daos.FacetedSearchTest]
18:31:58.013 [main] DEBUG org.springframework.core.env.StandardEnvironment - Adding PropertySource 'systemProperties' with lowest search precedence
18:31:58.030 [main] DEBUG org.springframework.core.env.StandardEnvironment - Adding PropertySource 'systemEnvironment' with lowest search precedence
18:31:58.032 [main] DEBUG org.springframework.core.env.StandardEnvironment - Initialized StandardEnvironment with PropertySources [MapPropertySource@1958680465 {name='systemProperties', properties={gopherProxySet=false, awt.toolkit=sun.lwawt.macosx.LWCToolkit, java.specification.version=10, file.encoding.pkg=sun.io, sun.cpu.isalist=, sun.jnu.encoding=UTF-8, java.class.path=/Users/MongoDB/mflix-java/mflix/target/test-classes:/Users/MongoDB/mflix-java/mflix/target/classes:/Users/.m2/repository/org/springframework/boot/spring-boot-starter-web/2.0.3.RELEASE/spring-boot-starter-web-2.0.3.RELEASE.jar:/Users/.m2/repository/org/springframework/boot/spring-boot-starter/2.0.3.RELEASE/spring-boot-starter-2.0.3.RELEASE.jar:/Users/.m2/repository/org/springframework/boot/spring-boot-starter-logging/2.0.3.RELEASE/spring-boot-starter-logging-2.0.3.RELEASE.jar:/Users/.m2/repository/ch/qos/logback/logback-classic/1.2.3/logback-classic-1.2.3.jar:/Users/.m2/repository/ch/qos/logback/logback-core/1.2.3/logback-core-1.2.3.jar:/Users/.m2/repository/org/apache/logging/log4j/log4j-to-slf4j/2.10.0/log4j-to-slf4j-2.10.0.jar:/Users/.m2/repository/org/apache/logging/log4j/log4j-api/2.10.0/log4j-api-2.10.0.jar:/Users/.m2/repository/org/slf4j/jul-to-slf4j/1.7.25/jul-to-slf4j-1.7.25.jar:/Users/.m2/repository/javax/annotation/javax.annotation-api/1.3.2/javax.annotation-api-1.3.2.jar:/Users/.m2/repository/org/yaml/snakeyaml/1.19/snakeyaml-1.19.jar:/Users/.m2/repository/org/springframework/boot/spring-boot-starter-json/2.0.3.RELEASE/spring-boot-starter-json-2.0.3.RELEASE.jar:/Users/.m2/repository/com/fasterxml/jackson/datatype/jackson-datatype-jdk8/2.9.6/jackson-datatype-jdk8-2.9.6.jar:/Users/.m2/repository/com/fasterxml/jackson/datatype/jackson-datatype-jsr310/2.9.6/jackson-datatype-jsr310-2.9.6.jar:/Users/.m2/repository/com/fasterxml/jackson/module/jackson-module-parameter-names/2.9.6/jackson-module-parameter-names-2.9.6.jar:/Users/.m2/repository/org/springframework/boot/spring-boot-starter-tomcat/2.0.3.RELEASE/spring-boot-starter-tomcat-2.0.3.RELEASE.jar:/Users/.m2/repository/org/apache/tomcat/embed/tomcat-embed-core/8.5.31/tomcat-embed-core-8.5.31.jar:/Users/.m2/repository/org/apache/tomcat/embed/tomcat-embed-el/8.5.31/tomcat-embed-el-8.5.31.jar:/Users/.m2/repository/org/apache/tomcat/embed/tomcat-embed-websocket/8.5.31/tomcat-embed-websocket-8.5.31.jar:/Users/.m2/repository/org/hibernate/validator/hibernate-validator/6.0.10.Final/hibernate-validator-6.0.10.Final.jar:/Users/.m2/repository/javax/validation/validation-api/2.0.1.Final/validation-api-2.0.1.Final.jar:/Users/.m2/repository/org/jboss/logging/jboss-logging/3.3.2.Final/jboss-logging-3.3.2.Final.jar:/Users/.m2/repository/com/fasterxml/classmate/1.3.4/classmate-1.3.4.jar:/Users/.m2/repository/org/springframework/spring-webmvc/5.0.7.RELEASE/spring-webmvc-5.0.7.RELEASE.jar:/Users/.m2/repository/org/springframework/boot/spring-boot-starter-test/2.0.3.RELEASE/spring-boot-starter-test-2.0.3.RELEASE.jar:/Users/.m2/repository/org/springframework/boot/spring-boot-test/2.0.3.RELEASE/spring-boot-test-2.0.3.RELEASE.jar:/Users/.m2/repository/org/springframework/boot/spring-boot-test-autoconfigure/2.0.3.RELEASE/spring-boot-test-autoconfigure-2.0.3.RELEASE.jar:/Users/.m2/repository/com/jayway/jsonpath/json-path/2.4.0/json-path-2.4.0.jar:/Users/.m2/repository/net/minidev/json-smart/2.3/json-smart-2.3.jar:/Users/.m2/repository/net/minidev/accessors-smart/1.2/accessors-smart-1.2.jar:/Users/.m2/repository/org/ow2/asm/asm/5.0.4/asm-5.0.4.jar:/Users/.m2/repository/org/slf4j/slf4j-api/1.7.25/slf4j-api-1.7.25.jar:/Users/.m2/repository/junit/junit/4.12/junit-4.12.jar:/Users/.m2/repository/org/assertj/assertj-core/3.9.1/assertj-core-3.9.1.jar:/Users/.m2/repository/org/mockito/mockito-core/2.15.0/mockito-core-2.15.0.jar:/Users/.m2/repository/net/bytebuddy/byte-buddy/1.7.9/byte-buddy-1.7.9.jar:/Users/.m2/repository/net/bytebuddy/byte-buddy-agent/1.7.9/byte-buddy-agent-1.7.9.jar:/Users/.m2/repository/org/objenesis/objenesis/2.6/objenesis-2.6.jar:/Users/.m2/repository/org/hamcrest/hamcrest-core/1.3/hamcrest-core-1.3.jar:/Users/.m2/repository/org/hamcrest/hamcrest-library/1.3/hamcrest-library-1.3.jar:/Users/.m2/repository/org/skyscreamer/jsonassert/1.5.0/jsonassert-1.5.0.jar:/Users/.m2/repository/com/vaadin/external/google/android-json/0.0.20131108.vaadin1/android-json-0.0.20131108.vaadin1.jar:/Users/.m2/repository/org/springframework/spring-test/5.0.7.RELEASE/spring-test-5.0.7.RELEASE.jar:/Users/.m2/repository/org/xmlunit/xmlunit-core/2.5.1/xmlunit-core-2.5.1.jar:/Users/.m2/repository/org/springframework/boot/spring-boot-starter-security/2.0.4.RELEASE/spring-boot-starter-security-2.0.4.RELEASE.jar:/Users/.m2/repository/org/springframework/spring-aop/5.0.8.RELEASE/spring-aop-5.0.8.RELEASE.jar:/Users/.m2/repository/org/springframework/security/spring-security-config/5.0.7.RELEASE/spring-security-config-5.0.7.RELEASE.jar:/Users/.m2/repository/org/springframework/security/spring-security-core/5.0.7.RELEASE/spring-security-core-5.0.7.RELEASE.jar:/Users/.m2/repository/org/springframework/security/spring-security-web/5.0.7.RELEASE/spring-security-web-5.0.7.RELEASE.jar:/Users/.m2/repository/org/springframework/boot/spring-boot/2.0.4.RELEASE/spring-boot-2.0.4.RELEASE.jar:/Users/.m2/repository/org/springframework/spring-context/5.0.7.RELEASE/spring-context-5.0.7.RELEASE.jar:/Users/.m2/repository/org/springframework/spring-beans/5.0.7.RELEASE/spring-beans-5.0.7.RELEASE.jar:/Users/.m2/repository/org/springframework/spring-expression/5.0.7.RELEASE/spring-expression-5.0.7.RELEASE.jar:/Users/.m2/repository/org/springframework/spring-core/5.0.7.RELEASE/spring-core-5.0.7.RELEASE.jar:/Users/.m2/repository/org/springframework/spring-jcl/5.0.7.RELEASE/spring-jcl-5.0.7.RELEASE.jar:/Users/.m2/repository/org/springframework/boot/spring-boot-autoconfigure/2.0.3.RELEASE/spring-boot-autoconfigure-2.0.3.RELEASE.jar:/Users/.m2/repository/org/springframework/spring-web/5.0.7.RELEASE/spring-web-5.0.7.RELEASE.jar:/Users/.m2/repository/io/jsonwebtoken/jjwt/0.9.1/jjwt-0.9.1.jar:/Users/.m2/repository/com/fasterxml/jackson/core/jackson-databind/2.9.6/jackson-databind-2.9.6.jar:/Users/.m2/repository/com/fasterxml/jackson/core/jackson-annotations/2.9.0/jackson-annotations-2.9.0.jar:/Users/.m2/repository/com/fasterxml/jackson/core/jackson-core/2.9.6/jackson-core-2.9.6.jar:/Users/.m2/repository/org/junit/jupiter/junit-jupiter-api/5.1.0/junit-jupiter-api-5.1.0.jar:/Users/.m2/repository/org/apiguardian/apiguardian-api/1.0.0/apiguardian-api-1.0.0.jar:/Users/.m2/repository/org/opentest4j/opentest4j/1.0.0/opentest4j-1.0.0.jar:/Users/.m2/repository/org/junit/platform/junit-platform-commons/1.1.0/junit-platform-commons-1.1.0.jar:/Users/.m2/repository/org/mongodb/mongodb-driver-sync/3.9.1/mongodb-driver-sync-3.9.1.jar:/Users/.m2/repository/org/mongodb/bson/3.9.1/bson-3.9.1.jar:/Users/.m2/repository/org/mongodb/mongodb-driver-core/3.9.1/mongodb-driver-core-3.9.1.jar:, java.vm.vendor="Oracle Corporation", sun.arch.data.model=64, java.vendor.url=http://java.oracle.com/, user.timezone=America/New_York, os.name=Mac OS X, java.vm.specification.version=10, sun.java.launcher=SUN_STANDARD, user.country=US, sun.boot.library.path=/Library/Java/JavaVirtualMachines/jdk-10.0.1.jdk/Contents/Home/lib, sun.java.command=/Users/MongoDB/mflix-java/mflix/target/surefire/surefirebooter8580511958988186070.jar /Users/MongoDB/mflix-java/mflix/target/surefire 2019-02-17T18-31-56_764-jvmRun1 surefire13612432267086881793tmp surefire_03640378117852951294tmp, jdk.debug=release, surefire.test.class.path=/Users/MongoDB/mflix-java/mflix/target/test-classes:/Users/MongoDB/mflix-java/mflix/target/classes:/Users/.m2/repository/org/springframework/boot/spring-boot-starter-web/2.0.3.RELEASE/spring-boot-starter-web-2.0.3.RELEASE.jar:/Users/.m2/repository/org/springframework/boot/spring-boot-starter/2.0.3.RELEASE/spring-boot-starter-2.0.3.RELEASE.jar:/Users/.m2/repository/org/springframework/boot/spring-boot-starter-logging/2.0.3.RELEASE/spring-boot-starter-logging-2.0.3.RELEASE.jar:/Users/.m2/repository/ch/qos/logback/logback-classic/1.2.3/logback-classic-1.2.3.jar:/Users/.m2/repository/ch/qos/logback/logback-core/1.2.3/logback-core-1.2.3.jar:/Users/.m2/repository/org/apache/logging/log4j/log4j-to-slf4j/2.10.0/log4j-to-slf4j-2.10.0.jar:/Users/.m2/repository/org/apache/logging/log4j/log4j-api/2.10.0/log4j-api-2.10.0.jar:/Users/.m2/repository/org/slf4j/jul-to-slf4j/1.7.25/jul-to-slf4j-1.7.25.jar:/Users/.m2/repository/javax/annotation/javax.annotation-api/1.3.2/javax.annotation-api-1.3.2.jar:/Users/.m2/repository/org/yaml/snakeyaml/1.19/snakeyaml-1.19.jar:/Users/.m2/repository/org/springframework/boot/spring-boot-starter-json/2.0.3.RELEASE/spring-boot-starter-json-2.0.3.RELEASE.jar:/Users/.m2/repository/com/fasterxml/jackson/datatype/jackson-datatype-jdk8/2.9.6/jackson-datatype-jdk8-2.9.6.jar:/Users/.m2/repository/com/fasterxml/jackson/datatype/jackson-datatype-jsr310/2.9.6/jackson-datatype-jsr310-2.9.6.jar:/Users/.m2/repository/com/fasterxml/jackson/module/jackson-module-parameter-names/2.9.6/jackson-module-parameter-names-2.9.6.jar:/Users/.m2/repository/org/springframework/boot/spring-boot-starter-tomcat/2.0.3.RELEASE/spring-boot-starter-tomcat-2.0.3.RELEASE.jar:/Users/.m2/repository/org/apache/tomcat/embed/tomcat-embed-core/8.5.31/tomcat-embed-core-8.5.31.jar:/Users/.m2/repository/org/apache/tomcat/embed/tomcat-embed-el/8.5.31/tomcat-embed-el-8.5.31.jar:/Users/.m2/repository/org/apache/tomcat/embed/tomcat-embed-websocket/8.5.31/tomcat-embed-websocket-8.5.31.jar:/Users/.m2/repository/org/hibernate/validator/hibernate-validator/6.0.10.Final/hibernate-validator-6.0.10.Final.jar:/Users/.m2/repository/javax/validation/validation-api/2.0.1.Final/validation-api-2.0.1.Final.jar:/Users/.m2/repository/org/jboss/logging/jboss-logging/3.3.2.Final/jboss-logging-3.3.2.Final.jar:/Users/.m2/repository/com/fasterxml/classmate/1.3.4/classmate-1.3.4.jar:/Users/.m2/repository/org/springframework/spring-webmvc/5.0.7.RELEASE/spring-webmvc-5.0.7.RELEASE.jar:/Users/.m2/repository/org/springframework/boot/spring-boot-starter-test/2.0.3.RELEASE/spring-boot-starter-test-2.0.3.RELEASE.jar:/Users/.m2/repository/org/springframework/boot/spring-boot-test/2.0.3.RELEASE/spring-boot-test-2.0.3.RELEASE.jar:/Users/.m2/repository/org/springframework/boot/spring-boot-test-autoconfigure/2.0.3.RELEASE/spring-boot-test-autoconfigure-2.0.3.RELEASE.jar:/Users/.m2/repository/com/jayway/jsonpath/json-path/2.4.0/json-path-2.4.0.jar:/Users/.m2/repository/net/minidev/json-smart/2.3/json-smart-2.3.jar:/Users/.m2/repository/net/minidev/accessors-smart/1.2/accessors-smart-1.2.jar:/Users/.m2/repository/org/ow2/asm/asm/5.0.4/asm-5.0.4.jar:/Users/.m2/repository/org/slf4j/slf4j-api/1.7.25/slf4j-api-1.7.25.jar:/Users/.m2/repository/junit/junit/4.12/junit-4.12.jar:/Users/.m2/repository/org/assertj/assertj-core/3.9.1/assertj-core-3.9.1.jar:/Users/.m2/repository/org/mockito/mockito-core/2.15.0/mockito-core-2.15.0.jar:/Users/.m2/repository/net/bytebuddy/byte-buddy/1.7.9/byte-buddy-1.7.9.jar:/Users/.m2/repository/net/bytebuddy/byte-buddy-agent/1.7.9/byte-buddy-agent-1.7.9.jar:/Users/.m2/repository/org/objenesis/objenesis/2.6/objenesis-2.6.jar:/Users/.m2/repository/org/hamcrest/hamcrest-core/1.3/hamcrest-core-1.3.jar:/Users/.m2/repository/org/hamcrest/hamcrest-library/1.3/hamcrest-library-1.3.jar:/Users/.m2/repository/org/skyscreamer/jsonassert/1.5.0/jsonassert-1.5.0.jar:/Users/.m2/repository/com/vaadin/external/google/android-json/0.0.20131108.vaadin1/android-json-0.0.20131108.vaadin1.jar:/Users/.m2/repository/org/springframework/spring-test/5.0.7.RELEASE/spring-test-5.0.7.RELEASE.jar:/Users/.m2/repository/org/xmlunit/xmlunit-core/2.5.1/xmlunit-core-2.5.1.jar:/Users/.m2/repository/org/springframework/boot/spring-boot-starter-security/2.0.4.RELEASE/spring-boot-starter-security-2.0.4.RELEASE.jar:/Users/.m2/repository/org/springframework/spring-aop/5.0.8.RELEASE/spring-aop-5.0.8.RELEASE.jar:/Users/.m2/repository/org/springframework/security/spring-security-config/5.0.7.RELEASE/spring-security-config-5.0.7.RELEASE.jar:/Users/.m2/repository/org/springframework/security/spring-security-core/5.0.7.RELEASE/spring-security-core-5.0.7.RELEASE.jar:/Users/.m2/repository/org/springframework/security/spring-security-web/5.0.7.RELEASE/spring-security-web-5.0.7.RELEASE.jar:/Users/.m2/repository/org/springframework/boot/spring-boot/2.0.4.RELEASE/spring-boot-2.0.4.RELEASE.jar:/Users/.m2/repository/org/springframework/spring-context/5.0.7.RELEASE/spring-context-5.0.7.RELEASE.jar:/Users/.m2/repository/org/springframework/spring-beans/5.0.7.RELEASE/spring-beans-5.0.7.RELEASE.jar:/Users/.m2/repository/org/springframework/spring-expression/5.0.7.RELEASE/spring-expression-5.0.7.RELEASE.jar:/Users/.m2/repository/org/springframework/spring-core/5.0.7.RELEASE/spring-core-5.0.7.RELEASE.jar:/Users/.m2/repository/org/springframework/spring-jcl/5.0.7.RELEASE/spring-jcl-5.0.7.RELEASE.jar:/Users/.m2/repository/org/springframework/boot/spring-boot-autoconfigure/2.0.3.RELEASE/spring-boot-autoconfigure-2.0.3.RELEASE.jar:/Users/.m2/repository/org/springframework/spring-web/5.0.7.RELEASE/spring-web-5.0.7.RELEASE.jar:/Users/.m2/repository/io/jsonwebtoken/jjwt/0.9.1/jjwt-0.9.1.jar:/Users/.m2/repository/com/fasterxml/jackson/core/jackson-databind/2.9.6/jackson-databind-2.9.6.jar:/Users/.m2/repository/com/fasterxml/jackson/core/jackson-annotations/2.9.0/jackson-annotations-2.9.0.jar:/Users/.m2/repository/com/fasterxml/jackson/core/jackson-core/2.9.6/jackson-core-2.9.6.jar:/Users/.m2/repository/org/junit/jupiter/junit-jupiter-api/5.1.0/junit-jupiter-api-5.1.0.jar:/Users/.m2/repository/org/apiguardian/apiguardian-api/1.0.0/apiguardian-api-1.0.0.jar:/Users/.m2/repository/org/opentest4j/opentest4j/1.0.0/opentest4j-1.0.0.jar:/Users/.m2/repository/org/junit/platform/junit-platform-commons/1.1.0/junit-platform-commons-1.1.0.jar:/Users/.m2/repository/org/mongodb/mongodb-driver-sync/3.9.1/mongodb-driver-sync-3.9.1.jar:/Users/.m2/repository/org/mongodb/bson/3.9.1/bson-3.9.1.jar:/Users/.m2/repository/org/mongodb/mongodb-driver-core/3.9.1/mongodb-driver-core-3.9.1.jar:, sun.cpu.endian=little, user.home=/Users, user.language=en, java.specification.vendor=Oracle Corporation, java.version.date=2018-04-17, java.home=/Library/Java/JavaVirtualMachines/jdk-10.0.1.jdk/Contents/Home, file.separator=/, basedir=/Users/MongoDB/mflix-java/mflix, java.vm.compressedOopsMode=Zero based, line.separator=
, java.specification.name=Java Platform API Specification, java.vm.specification.vendor=Oracle Corporation, java.awt.graphicsenv=sun.awt.CGraphicsEnvironment, surefire.real.class.path=/Users/MongoDB/mflix-java/mflix/target/surefire/surefirebooter8580511958988186070.jar, sun.management.compiler=HotSpot 64-Bit Tiered Compilers, java.runtime.version=10.0.1+10, user.name=UFR463, path.separator=:, os.version=10.14.3, java.runtime.name=Java(TM) SE Runtime Environment, file.encoding=UTF-8, java.vm.name=Java HotSpot(TM) 64-Bit Server VM, java.vendor.version=18.3, localRepository=/Users/.m2/repository, java.vendor.url.bug=http://bugreport.java.com/bugreport/, java.io.tmpdir=/var/folders/nk/ywcpcdj923dgjd32bh34q_dr0000gn/T/, java.version=10.0.1, user.dir=/Users/MongoDB/mflix-java/mflix, os.arch=x86_64, java.vm.specification.name=Java Virtual Machine Specification, java.awt.printerjob=sun.lwawt.macosx.CPrinterJob, sun.os.patch.level=unknown, java.library.path=/Users/Library/Java/Extensions:/Library/Java/Extensions:/Network/Library/Java/Extensions:/System/Library/Java/Extensions:/usr/lib/java:., java.vendor=Oracle Corporation, java.vm.info=mixed mode, java.vm.version=10.0.1+10, sun.io.unicode.encoding=UnicodeBig, java.class.version=54.0}}, SystemEnvironmentPropertySource@1414549197 {name='systemEnvironment', properties={PATH=/usr/local/bin:/usr/bin:/bin:/usr/sbin:/sbin, JAVA_HOME=/Library/Java/JavaVirtualMachines/jdk-10.0.1.jdk/Contents/Home, TERM=xterm-256color, LANG=en_US.UTF-8, JAVA_MAIN_CLASS_3704=org.codehaus.plexus.classworlds.launcher.Launcher, LOGNAME=UFR463, XPC_SERVICE_NAME=0, PWD=/Users/MongoDB/mflix-java/mflix, TERM_PROGRAM_VERSION=421.1, JAVA_MAIN_CLASS_3722=org.apache.maven.surefire.booter.ForkedBooter, MAVEN_CMD_LINE_ARGS= test, _=/Library/Java/JavaVirtualMachines/jdk-10.0.1.jdk/Contents/Home/bin/java, SHELL=/bin/bash, TERM_PROGRAM=Apple_Terminal, MAVEN_PROJECTBASEDIR=/Users/mongodb/mflix-java/mflix, OLDPWD=/Users/mongodb/mflix-java/mflix, SECURITYSESSIONID=186aa, USER=UFR463, TMPDIR=/var/folders/nk/ywcpcdj923dgjd32bh34q_dr0000gn/T/, SSH_AUTH_SOCK=/private/tmp/com.apple.launchd.AZgvE4SoAT/Listeners, XPC_FLAGS=0x0, TERM_SESSION_ID=BCA26791-BB19-47D0-B684-DCA3BFEAF39A, __CF_USER_TEXT_ENCODING=0x1F5:0:0, Apple_PubSub_Socket_Render=/private/tmp/com.apple.launchd.5o6nX6khLy/Render, HOME=/Users, SHLVL=2}}]
18:31:58.055 [main] DEBUG org.springframework.test.context.support.TestPropertySourceUtils - Adding inlined properties to environment: {spring.jmx.enabled=false, org.springframework.boot.test.context.SpringBootTestContextBootstrapper=true, server.port=-1}
18:31:58.056 [main] DEBUG org.springframework.core.env.StandardEnvironment - Adding PropertySource 'Inlined Test Properties' with highest search precedence

  .   ____          _            __ _ _
 /\\ / ___'_ __ _ _(_)_ __  __ _ \ \ \ \
( ( )\___ | '_ | '_| | '_ \/ _` | \ \ \ \
 \\/  ___)| |_)| | | | | || (_| |  ) ) ) )
  '  |____| .__|_| |_|_| |_\__, | / / / /
 =========|_|==============|___/=/_/_/_/
 :: Spring Boot ::        (v2.0.4.RELEASE)

2019-02-17 18:31:58.640  INFO 3722 --- [           main] mflix.api.daos.FacetedSearchTest         : Starting FacetedSearchTest on Aces-MacBook-Pro.local with PID 3722 (started by UFR463 in /Users/MongoDB/mflix-java/mflix)
2019-02-17 18:31:58.642  INFO 3722 --- [           main] mflix.api.daos.FacetedSearchTest         : No active profile set, falling back to default profiles: default
2019-02-17 18:31:58.672  INFO 3722 --- [           main] o.s.w.c.s.GenericWebApplicationContext   : Refreshing org.springframework.web.context.support.GenericWebApplicationContext@2313052e: startup date [Sun Feb 17 18:31:58 EST 2019]; root of context hierarchy
2019-02-17 18:32:00.106  INFO 3722 --- [           main] org.mongodb.driver.cluster               : Cluster created with settings {hosts=[mflix-shard-00-01-qf16j.mongodb.net:27017, mflix-shard-00-02-qf16j.mongodb.net:27017, mflix-shard-00-00-qf16j.mongodb.net:27017], mode=MULTIPLE, requiredClusterType=REPLICA_SET, serverSelectionTimeout='30000 ms', maxWaitQueueSize=500, requiredReplicaSetName='mflix-shard-0'}
2019-02-17 18:32:00.107  INFO 3722 --- [           main] org.mongodb.driver.cluster               : Adding discovered server mflix-shard-00-01-qf16j.mongodb.net:27017 to client view of cluster
2019-02-17 18:32:00.135  INFO 3722 --- [           main] org.mongodb.driver.cluster               : Adding discovered server mflix-shard-00-02-qf16j.mongodb.net:27017 to client view of cluster
2019-02-17 18:32:00.138  INFO 3722 --- [           main] org.mongodb.driver.cluster               : Adding discovered server mflix-shard-00-00-qf16j.mongodb.net:27017 to client view of cluster
2019-02-17 18:32:00.693  INFO 3722 --- [           main] o.s.w.s.handler.SimpleUrlHandlerMapping  : Mapped URL path [/**/favicon.ico] onto handler of type [class org.springframework.web.servlet.resource.ResourceHttpRequestHandler]
2019-02-17 18:32:00.797  INFO 3722 --- [ngodb.net:27017] org.mongodb.driver.connection            : Opened connection [connectionId{localValue:2, serverValue:28955}] to mflix-shard-00-02-qf16j.mongodb.net:27017
2019-02-17 18:32:00.801  INFO 3722 --- [ngodb.net:27017] org.mongodb.driver.connection            : Opened connection [connectionId{localValue:1, serverValue:27823}] to mflix-shard-00-01-qf16j.mongodb.net:27017
2019-02-17 18:32:00.801  INFO 3722 --- [ngodb.net:27017] org.mongodb.driver.connection            : Opened connection [connectionId{localValue:3, serverValue:37207}] to mflix-shard-00-00-qf16j.mongodb.net:27017
2019-02-17 18:32:00.841  INFO 3722 --- [ngodb.net:27017] org.mongodb.driver.cluster               : Monitor thread successfully connected to server with description ServerDescription{address=mflix-shard-00-02-qf16j.mongodb.net:27017, type=REPLICA_SET_SECONDARY, state=CONNECTED, ok=true, version=ServerVersion{versionList=[4, 0, 6]}, minWireVersion=0, maxWireVersion=7, maxDocumentSize=16777216, logicalSessionTimeoutMinutes=30, roundTripTimeNanos=41442260, setName='mflix-shard-0', canonicalAddress=mflix-shard-00-02-qf16j.mongodb.net:27017, hosts=[mflix-shard-00-00-qf16j.mongodb.net:27017, mflix-shard-00-01-qf16j.mongodb.net:27017, mflix-shard-00-02-qf16j.mongodb.net:27017], passives=[], arbiters=[], primary='mflix-shard-00-00-qf16j.mongodb.net:27017', tagSet=TagSet{[Tag{name='nodeType', value='ELECTABLE'}, Tag{name='region', value='US_EAST_1'}, Tag{name='provider', value='AWS'}]}, electionId=null, setVersion=1, lastWriteDate=Sun Feb 17 18:32:00 EST 2019, lastUpdateTimeNanos=3999889828385}
2019-02-17 18:32:00.842  INFO 3722 --- [ngodb.net:27017] org.mongodb.driver.cluster               : Monitor thread successfully connected to server with description ServerDescription{address=mflix-shard-00-01-qf16j.mongodb.net:27017, type=REPLICA_SET_SECONDARY, state=CONNECTED, ok=true, version=ServerVersion{versionList=[4, 0, 6]}, minWireVersion=0, maxWireVersion=7, maxDocumentSize=16777216, logicalSessionTimeoutMinutes=30, roundTripTimeNanos=40123780, setName='mflix-shard-0', canonicalAddress=mflix-shard-00-01-qf16j.mongodb.net:27017, hosts=[mflix-shard-00-00-qf16j.mongodb.net:27017, mflix-shard-00-01-qf16j.mongodb.net:27017, mflix-shard-00-02-qf16j.mongodb.net:27017], passives=[], arbiters=[], primary='mflix-shard-00-00-qf16j.mongodb.net:27017', tagSet=TagSet{[Tag{name='region', value='US_EAST_1'}, Tag{name='provider', value='AWS'}, Tag{name='nodeType', value='ELECTABLE'}]}, electionId=null, setVersion=1, lastWriteDate=Sun Feb 17 18:32:00 EST 2019, lastUpdateTimeNanos=3999890998670}
2019-02-17 18:32:00.857  INFO 3722 --- [ngodb.net:27017] org.mongodb.driver.cluster               : Monitor thread successfully connected to server with description ServerDescription{address=mflix-shard-00-00-qf16j.mongodb.net:27017, type=REPLICA_SET_PRIMARY, state=CONNECTED, ok=true, version=ServerVersion{versionList=[4, 0, 6]}, minWireVersion=0, maxWireVersion=7, maxDocumentSize=16777216, logicalSessionTimeoutMinutes=30, roundTripTimeNanos=52783921, setName='mflix-shard-0', canonicalAddress=mflix-shard-00-00-qf16j.mongodb.net:27017, hosts=[mflix-shard-00-00-qf16j.mongodb.net:27017, mflix-shard-00-01-qf16j.mongodb.net:27017, mflix-shard-00-02-qf16j.mongodb.net:27017], passives=[], arbiters=[], primary='mflix-shard-00-00-qf16j.mongodb.net:27017', tagSet=TagSet{[Tag{name='region', value='US_EAST_1'}, Tag{name='provider', value='AWS'}, Tag{name='nodeType', value='ELECTABLE'}]}, electionId=7fffffff0000000000000001, setVersion=1, lastWriteDate=Sun Feb 17 18:32:00 EST 2019, lastUpdateTimeNanos=3999906109953}
2019-02-17 18:32:00.857  INFO 3722 --- [ngodb.net:27017] org.mongodb.driver.cluster               : Setting max election id to 7fffffff0000000000000001 from replica set primary mflix-shard-00-00-qf16j.mongodb.net:27017
2019-02-17 18:32:00.857  INFO 3722 --- [ngodb.net:27017] org.mongodb.driver.cluster               : Setting max set version to 1 from replica set primary mflix-shard-00-00-qf16j.mongodb.net:27017
2019-02-17 18:32:00.858  INFO 3722 --- [ngodb.net:27017] org.mongodb.driver.cluster               : Discovered replica set primary mflix-shard-00-00-qf16j.mongodb.net:27017
2019-02-17 18:32:01.010  INFO 3722 --- [           main] s.w.s.m.m.a.RequestMappingHandlerAdapter : Looking for @ControllerAdvice: org.springframework.web.context.support.GenericWebApplicationContext@2313052e: startup date [Sun Feb 17 18:31:58 EST 2019]; root of context hierarchy
2019-02-17 18:32:01.099  INFO 3722 --- [           main] s.w.s.m.m.a.RequestMappingHandlerMapping : Mapped "{[/error]}" onto public org.springframework.http.ResponseEntity<java.util.Map<java.lang.String, java.lang.Object>> org.springframework.boot.autoconfigure.web.servlet.error.BasicErrorController.error(javax.servlet.http.HttpServletRequest)
2019-02-17 18:32:01.102  INFO 3722 --- [           main] s.w.s.m.m.a.RequestMappingHandlerMapping : Mapped "{[/error],produces=[text/html]}" onto public org.springframework.web.servlet.ModelAndView org.springframework.boot.autoconfigure.web.servlet.error.BasicErrorController.errorHtml(javax.servlet.http.HttpServletRequest,javax.servlet.http.HttpServletResponse)
2019-02-17 18:32:01.131  INFO 3722 --- [           main] o.s.w.s.handler.SimpleUrlHandlerMapping  : Mapped URL path [/webjars/**] onto handler of type [class org.springframework.web.servlet.resource.ResourceHttpRequestHandler]
2019-02-17 18:32:01.131  INFO 3722 --- [           main] o.s.w.s.handler.SimpleUrlHandlerMapping  : Mapped URL path [/**] onto handler of type [class org.springframework.web.servlet.resource.ResourceHttpRequestHandler]
2019-02-17 18:32:01.210  INFO 3722 --- [           main] o.s.b.a.w.s.WelcomePageHandlerMapping    : Adding welcome page: class path resource [build/index.html]
2019-02-17 18:32:01.403  INFO 3722 --- [           main] .s.s.UserDetailsServiceAutoConfiguration : 

Using generated security password: 05d3f2ce-8573-4c7c-9ec8-09aea1afbffa

2019-02-17 18:32:01.553  INFO 3722 --- [           main] o.s.s.web.DefaultSecurityFilterChain     : Creating filter chain: org.springframework.security.web.util.matcher.AnyRequestMatcher@1, [org.springframework.security.web.context.request.async.WebAsyncManagerIntegrationFilter@66fbc5e7, org.springframework.security.web.context.SecurityContextPersistenceFilter@66bf40e5, org.springframework.security.web.header.HeaderWriterFilter@707ca986, org.springframework.security.web.csrf.CsrfFilter@2d2b6960, org.springframework.security.web.authentication.logout.LogoutFilter@5eabff6b, org.springframework.security.web.authentication.UsernamePasswordAuthenticationFilter@71179b6f, org.springframework.security.web.authentication.ui.DefaultLoginPageGeneratingFilter@7e15f4d4, org.springframework.security.web.authentication.www.BasicAuthenticationFilter@62b57479, org.springframework.security.web.savedrequest.RequestCacheAwareFilter@39666e42, org.springframework.security.web.servletapi.SecurityContextHolderAwareRequestFilter@52ae997b, org.springframework.security.web.authentication.AnonymousAuthenticationFilter@9accff0, org.springframework.security.web.session.SessionManagementFilter@183ade54, org.springframework.security.web.access.ExceptionTranslationFilter@47272cd3, org.springframework.security.web.access.intercept.FilterSecurityInterceptor@10244722]
2019-02-17 18:32:01.652  INFO 3722 --- [           main] mflix.api.daos.FacetedSearchTest         : Started FacetedSearchTest in 3.562 seconds (JVM running for 4.597)
2019-02-17 18:32:02.242  INFO 3722 --- [           main] org.mongodb.driver.connection            : Opened connection [connectionId{localValue:4, serverValue:34429}] to mflix-shard-00-00-qf16j.mongodb.net:27017
]]></system-out>
  </testcase>
  <testcase name="testFacetedSearchPaging" classname="mflix.api.daos.FacetedSearchTest" time="0.126">
    <failure message="Should return a list of one faceted document expected:&lt;1&gt; but was:&lt;51&gt;" type="java.lang.AssertionError"><![CDATA[java.lang.AssertionError: Should return a list of one faceted document expected:<1> but was:<51>
	at mflix.api.daos.FacetedSearchTest.testFacetedSearchPaging(FacetedSearchTest.java:71)
]]></failure>
  </testcase>
  <testcase name="testFacetedMultipleCast" classname="mflix.api.daos.FacetedSearchTest" time="0.141">
    <failure message="Should return a list of one faceted document expected:&lt;1&gt; but was:&lt;89&gt;" type="java.lang.AssertionError"><![CDATA[java.lang.AssertionError: Should return a list of one faceted document expected:<1> but was:<89>
	at mflix.api.daos.FacetedSearchTest.testFacetedMultipleCast(FacetedSearchTest.java:99)
]]></failure>
  </testcase>
</testsuite>